open source     > level 1, order 1, name '/usr/share/texmf/tex/context/base/mkiv/cont-yes.mkiv'
system          > 
system          > ConTeXt  ver: 2019.03.21 21:39 MKIV beta  fmt: 2023.12.30  int: english/english
system          > 
system          > 'cont-new.mkiv' loaded
open source     > level 2, order 2, name '/usr/share/texmf/tex/context/base/mkiv/cont-new.mkiv'
system          > beware: some patches loaded from cont-new.mkiv
close source    > level 2, order 2, name '/usr/share/texmf/tex/context/base/mkiv/cont-new.mkiv'
system          > files > jobname 'resume', input './resume', result 'resume'
fonts           > latin modern fonts are not preloaded
languages       > language 'en' is active
open source     > level 2, order 3, name '/home/noamb/Personal/Resumes/pandoc_resume/output/resume.tex'
colors          > defining > unknown library 'hex'
open source     > level 3, order 4, name '/usr/share/texmf/tex/context/fonts/mkiv/type-imp-texgyre.mkiv'
close source    > level 3, order 4, name '/usr/share/texmf/tex/context/fonts/mkiv/type-imp-texgyre.mkiv'
structure       > sectioning > section @ level 3 : 0.0.1 -> Noam Bechhofer
setup           > error in line 1, namespace 'xtable', key 'body'
setup           > error in line 15, namespace 'xtable', key 'foot'
setup           > error in line 1, namespace 'xtable', key 'body'
setup           > error in line 15, namespace 'xtable', key 'foot'
setup           > error in line 1, namespace 'xtable', key 'body'
setup           > error in line 15, namespace 'xtable', key 'foot'
floatblocks     > '1' placed (here)
structure       > sectioning > subsection @ level 4 : 0.0.1.1 -> Education

Overfull \hbox (2.78194pt too wide) in paragraph at lines 106--108
 []<13: texgyreheros-italic @ 11.0pt> The-sis ti-tle: Deep Learn-ing Ap-proaches to the Self-Awesomeness Es-ti-ma-tion Prob-

\hbox(8.21819+2.39835)x483.69687, glue set - 1.0, direction TLT
.\glue(\leftskip) 91.0488
.\localpar
..\localinterlinepenalty=0
..\localbrokenpenalty=0
..\localleftbox=null
..\localrightbox=null
.\hbox(0.0+0.0)x0.0, direction TLT
.<13: texgyreheros-italic @ 11.0pt> T
.<13: texgyreheros-italic @ 11.0pt> h
.etc.

structure       > sectioning > subsubsection @ level 5 : 0.0.1.1.1 -> Columbia University, School of General Studies

Overfull \hbox (2.01802pt too wide) in paragraph at lines 120--132
<1: texgyreheros-regular @ 11.0pt> Bach-e-lor of Arts - Com-puter Sci-ence (Con-cen-tra-tion: Soft-ware Sys-tems), GPA: 3.77 Rel-e-vant Course-

\hbox(8.21819+2.39835)x483.69687, glue set - 1.0, direction TLT
.<1: texgyreheros-regular @ 11.0pt> B
.<1: texgyreheros-regular @ 11.0pt> a
.<1: texgyreheros-regular @ 11.0pt> c
.<1: texgyreheros-regular @ 11.0pt> h
.\discretionary (penalty 50) []
.etc.

structure       > sectioning > subsubsection @ level 5 : 0.0.1.1.2 -> University of Auckland
structure       > sectioning > subsubsection @ level 5 : 0.0.1.1.3 -> Backend Developer
backend         > xmp > using file '/usr/share/texmf/tex/context/base/mkiv/lpdf-pdx.xml'
pages           > flushing realpage 1, userpage 1, subpage 1
pages           > flushing realpage 2, userpage 2, subpage 2
close source    > level 2, order 4, name '/home/noamb/Personal/Resumes/pandoc_resume/output/resume.tex'
close source    > level 1, order 4, name '/usr/share/texmf/tex/context/base/mkiv/cont-yes.mkiv'

system          > start used files

system          > text: resume

system          > stop used files


system          > start used files

system          >    1: filename=char-prv.lua filetype=tex format=tex foundname=/usr/share/texmf/tex/context/base/mkiv/char-prv.lua fullname=/usr/share/texmf/tex/context/base/mkiv/char-prv.lua usedmethod=database
system          >    2: filename=cont-yes.mkiv filetype=tex foundname=/usr/share/texmf/tex/context/base/mkiv/cont-yes.mkiv fullname=/usr/share/texmf/tex/context/base/mkiv/cont-yes.mkiv usedmethod=database
system          >    3: filename=publ-imp-default.lua filetype=scripts foundname=/usr/share/texmf/tex/context/base/mkiv/publ-imp-default.lua fullname=/usr/share/texmf/tex/context/base/mkiv/publ-imp-default.lua usedmethod=database
system          >    4: filename=cont-new.mkiv filetype=tex foundname=/usr/share/texmf/tex/context/base/mkiv/cont-new.mkiv fullname=/usr/share/texmf/tex/context/base/mkiv/cont-new.mkiv usedmethod=database
system          >    5: filename=lang-exc.lua filetype=scripts foundname=/usr/share/texmf/tex/context/base/mkiv/lang-exc.lua fullname=/usr/share/texmf/tex/context/base/mkiv/lang-exc.lua usedmethod=database
system          >    6: filename=lang-us.lua filetype=scripts foundname=/usr/share/texmf/tex/context/patterns/mkiv/lang-us.lua fullname=/usr/share/texmf/tex/context/patterns/mkiv/lang-us.lua usedmethod=database
system          >    7: filename=/home/noamb/Personal/Resumes/pandoc_resume/output/resume.tex foundname=/home/noamb/Personal/Resumes/pandoc_resume/output/resume.tex fullname=/home/noamb/Personal/Resumes/pandoc_resume/output/resume.tex usedmethod=direct
system          >    8: filename=type-imp-texgyre.mkiv filetype=tex foundname=/usr/share/texmf/tex/context/fonts/mkiv/type-imp-texgyre.mkiv fullname=/usr/share/texmf/tex/context/fonts/mkiv/type-imp-texgyre.mkiv usedmethod=database
system          >    9: filename=lm.lfg filetype=tex foundname=/usr/share/texmf/tex/context/fonts/mkiv/lm.lfg fullname=/usr/share/texmf/tex/context/fonts/mkiv/lm.lfg usedmethod=database
system          >   10: filename=texgyreheros-regular filetype=otf format=otf foundname=/usr/share/texmf/fonts/opentype/public/tex-gyre/texgyreheros-regular.otf fullname=/usr/share/texmf/fonts/opentype/public/tex-gyre/texgyreheros-regular.otf usedmethod=database
system          >   11: filename=latinmodern-math.otf filetype=opentypefonts foundname=/usr/share/texmf/fonts/opentype/public/lm-math/latinmodern-math.otf fullname=/usr/share/texmf/fonts/opentype/public/lm-math/latinmodern-math.otf usedmethod=database
system          >   12: filename=texgyreheros-bold filetype=otf format=otf foundname=/usr/share/texmf/fonts/opentype/public/tex-gyre/texgyreheros-bold.otf fullname=/usr/share/texmf/fonts/opentype/public/tex-gyre/texgyreheros-bold.otf usedmethod=database
system          >   13: filename=texgyreheros-italic filetype=otf format=otf foundname=/usr/share/texmf/fonts/opentype/public/tex-gyre/texgyreheros-italic.otf fullname=/usr/share/texmf/fonts/opentype/public/tex-gyre/texgyreheros-italic.otf usedmethod=database
system          >   14: filename=pdftex.map filetype=map format=map foundname=/usr/share/texlive/texmf-dist/fonts/map/pdftex/updmap/pdftex.map fullname=/usr/share/texlive/texmf-dist/fonts/map/pdftex/updmap/pdftex.map usedmethod=database
system          >   15: filename=lpdf-pdx.xml filetype=tex foundname=/usr/share/texmf/tex/context/base/mkiv/lpdf-pdx.xml fullname=/usr/share/texmf/tex/context/base/mkiv/lpdf-pdx.xml usedmethod=database

system          > stop used files


system          > start commandline options

system          > currentrun="3"
system          > fulljobname="./resume.tex"
system          > input="./resume.tex"
system          > kindofrun="2"
system          > maxnofruns="9"
system          > texmfbinpath="/usr/bin"

system          > stop commandline options


system          > start commandline files

system          >    1: ./resume.tex

system          > stop commandline files


modules         > start used modules


modules         > stop used modules


mkiv lua stats  > used config file: /usr/share/texmf/web2c/texmfcnf.lua;/usr/share/texlive/texmf-dist/web2c/texmfcnf.lua
mkiv lua stats  > used cache path: readable: '/var/lib/texmf/luatex-cache/context/b47c3d3cee7cb6c86268d0595268c442' | readable+writable: '/home/noamb/.texlive2019/texmf-var/luatex-cache/context/b47c3d3cee7cb6c86268d0595268c442'
mkiv lua stats  > resource resolver: loadtime 0.014 seconds, 0 scans with scantime 0.000 seconds, 0 shared scans, 15 found files, scanned paths: <none>
mkiv lua stats  > stored bytecode data: 443 modules (0.346 sec), 93 tables (0.021 sec), 536 chunks (0.366 sec)
mkiv lua stats  > traced context: maxstack: 1369, freed: 0, unreachable: 1369
mkiv lua stats  > cleaned up reserved nodes: 62 nodes, 9 lists of 440
mkiv lua stats  > node memory usage: 1 glue, 3 kern, 2 penalty, 14 attribute, 51 glue_spec, 4 attribute_list, 2 temp, 2 user_defined
mkiv lua stats  > node list callback tasks: 8 unique task lists, 8 instances (re)created, 433 calls
mkiv lua stats  > h-node processing time: 0.014 seconds including kernel
mkiv lua stats  > driver time: 0.145 seconds 
mkiv lua stats  > used backend: pdf (backend for directly generating pdf output)
mkiv lua stats  > jobdata time: 0.002 seconds saving, 0.001 seconds loading
mkiv lua stats  > callbacks: internal: 775, file: 685, direct: 2, late: 13, function 1064, total: 2539 (2539 per page)
mkiv lua stats  > randomizer: resumed with value 0.73091317433864
mkiv lua stats  > result saved in file: resume.pdf, compresslevel 3, objectcompresslevel 1
mkiv lua stats  > loaded patterns: en::1, load time: 0.000
mkiv lua stats  > interactive elements: 0 references, 7 destinations
mkiv lua stats  > loaded fonts: 4 files: latinmodern-math.otf, texgyreheros-bold.otf, texgyreheros-italic.otf, texgyreheros-regular.otf
mkiv lua stats  > font engine: otf 3.107, afm 1.513, tfm 1.000, 13 instances, 7 shared in backend, 3 common vectors, 4 common hashes, load time 0.398 seconds 
mkiv lua stats  > used platform: linux-64, type: unix, binary subtree: usr
mkiv lua stats  > used engine: luatex version 1.1 with functionality level 7127, banner: this is luatex, version 1.10.0 (tex live 2019/debian)
mkiv lua stats  > control sequences: 45589 of 65536 + 100000
mkiv lua stats  > lua properties: engine: lua 5.3, used memory: 90 MB (ctx: 89 MB), hash chars: min(64,40), symbol mask: utf (τεχ)
mkiv lua stats  > runtime: 1.146 seconds, 2 processed pages, 2 shipped pages, 1.745 pages/second

